Using pre-set license
Built from '2020.3/staging' branch; Version is '2020.3.11f1 (99c7afb366b3) revision 10078127'; Using compiler version '192528614'; Build Type 'Release'
OS: 'Windows 10 Education; OS build 19043.1110; Version 2009; 64bit' Language: 'es' Physical Memory: 8149 MB
BatchMode: 1, IsHumanControllingUs: 0, StartBugReporterOnCrash: 0, Is64bit: 1, IsPro: 0

 COMMAND LINE ARGUMENTS:
C:\Program Files\Unity\Hub\Editor\2020.3.11f1\Editor\Unity.exe
-adb2
-batchMode
-noUpm
-name
AssetImportWorker0
-projectPath
C:/Users/isaacdd/Downloads/New Unity Project
-logFile
Logs/AssetImportWorker0.log
-srvPort
63315
Successfully changed project path to: C:/Users/isaacdd/Downloads/New Unity Project
C:/Users/isaacdd/Downloads/New Unity Project
Using Asset Import Pipeline V2.
Refreshing native plugins compatible for Editor in 49.38 ms, found 2 plugins.
Preloading 0 native plugins for Editor in 0.00 ms.
Initialize engine version: 2020.3.11f1 (99c7afb366b3)
[Subsystems] Discovering subsystems at path C:/Program Files/Unity/Hub/Editor/2020.3.11f1/Editor/Data/Resources/UnitySubsystems
[Subsystems] Discovering subsystems at path C:/Users/isaacdd/Downloads/New Unity Project/Assets
GfxDevice: creating device client; threaded=0
Direct3D:
    Version:  Direct3D 11.0 [level 11.0]
    Renderer: AMD Radeon HD 6450 (ID=0x6779)
    Vendor:   
    VRAM:     1008 MB
    Driver:   15.200.1062.1004
Initialize mono
Mono path[0] = 'C:/Program Files/Unity/Hub/Editor/2020.3.11f1/Editor/Data/Managed'
Mono path[1] = 'C:/Program Files/Unity/Hub/Editor/2020.3.11f1/Editor/Data/MonoBleedingEdge/lib/mono/unityjit'
Mono config path = 'C:/Program Files/Unity/Hub/Editor/2020.3.11f1/Editor/Data/MonoBleedingEdge/etc'
Using monoOptions --debugger-agent=transport=dt_socket,embedding=1,server=y,suspend=n,address=127.0.0.1:56444
Begin MonoManager ReloadAssembly
Registering precompiled unity dll's ...
Register platform support module: C:/Program Files/Unity/Hub/Editor/2020.3.11f1/Editor/Data/PlaybackEngines/MacStandaloneSupport/UnityEditor.OSXStandalone.Extensions.dll
Register platform support module: C:/Program Files/Unity/Hub/Editor/2020.3.11f1/Editor/Data/PlaybackEngines/WindowsStandaloneSupport/UnityEditor.WindowsStandalone.Extensions.dll
Registered in 0.002001 seconds.
Native extension for WindowsStandalone target not found
Native extension for OSXStandalone target not found
Refreshing native plugins compatible for Editor in 37.62 ms, found 2 plugins.
Preloading 0 native plugins for Editor in 0.00 ms.
Mono: successfully reloaded assembly
- Completed reload, in  2.586 seconds
Platform modules already initialized, skipping
Registering precompiled user dll's ...
Registered in 0.003706 seconds.
Begin MonoManager ReloadAssembly
Native extension for WindowsStandalone target not found
Native extension for OSXStandalone target not found
Refreshing native plugins compatible for Editor in 0.48 ms, found 2 plugins.
Preloading 0 native plugins for Editor in 0.00 ms.
Mono: successfully reloaded assembly
- Completed reload, in  1.338 seconds
Platform modules already initialized, skipping
========================================================================
Worker process is ready to serve import requests
Launched and connected shader compiler UnityShaderCompiler.exe after 0.05 seconds
Refreshing native plugins compatible for Editor in 0.54 ms, found 2 plugins.
Preloading 0 native plugins for Editor in 0.00 ms.
Unloading 1386 Unused Serialized files (Serialized files now loaded: 0)
System memory in use before: 64.6 MB.
System memory in use after: 64.6 MB.

Unloading 18 unused Assets to reduce memory usage. Loaded Objects now: 1820.
Total: 2.455800 ms (FindLiveObjects: 0.169900 ms CreateObjectMapping: 0.060200 ms MarkObjects: 2.136100 ms  DeleteObjects: 0.087500 ms)

========================================================================
Received Import Request.
  path: Assets/mat
  artifactKey: Guid(8503f5a1d11e5fd4dbad2ce85d824816) Importer(815301076,1909f56bfc062723c751e8b465ee728b)
Start importing Assets/mat using Guid(8503f5a1d11e5fd4dbad2ce85d824816) Importer(815301076,1909f56bfc062723c751e8b465ee728b)  -> (artifact id: 'c954fe4be0895cee500a4bcd8ea1078d') in 0.012936 seconds
  Import took 0.016414 seconds .

========================================================================
Received Import Request.
  Time since last request: 8.925599 seconds.
  path: Assets/mat/a.mat
  artifactKey: Guid(f6150b2ad1f5cae45931d0a9f8f76dca) Importer(815301076,1909f56bfc062723c751e8b465ee728b)
Start importing Assets/mat/a.mat using Guid(f6150b2ad1f5cae45931d0a9f8f76dca) Importer(815301076,1909f56bfc062723c751e8b465ee728b)  -> (artifact id: 'dea852e0aae5f1000730b97bdc8c79eb') in 0.155009 seconds
  Import took 0.157883 seconds .

========================================================================
Received Import Request.
  Time since last request: 14.629211 seconds.
  path: Assets/mat/b.mat
  artifactKey: Guid(9549275bb3cd2f148b9afeeca18c16af) Importer(815301076,1909f56bfc062723c751e8b465ee728b)
Start importing Assets/mat/b.mat using Guid(9549275bb3cd2f148b9afeeca18c16af) Importer(815301076,1909f56bfc062723c751e8b465ee728b)  -> (artifact id: '42b3d337176e215c173ef787325fa69a') in 0.022628 seconds
  Import took 0.025760 seconds .

========================================================================
Received Import Request.
  Time since last request: 70.412561 seconds.
  path: Assets/mat/c.mat
  artifactKey: Guid(c8979b32558f29c4fbac82e719d97896) Importer(815301076,1909f56bfc062723c751e8b465ee728b)
Start importing Assets/mat/c.mat using Guid(c8979b32558f29c4fbac82e719d97896) Importer(815301076,1909f56bfc062723c751e8b465ee728b)  -> (artifact id: '517e384b95e472cdb912925b3aedbd3a') in 0.021625 seconds
  Import took 0.024867 seconds .

========================================================================
Received Import Request.
  Time since last request: 223.141889 seconds.
  path: Assets/mat/a.mat
  artifactKey: Guid(f6150b2ad1f5cae45931d0a9f8f76dca) Importer(815301076,1909f56bfc062723c751e8b465ee728b)
Start importing Assets/mat/a.mat using Guid(f6150b2ad1f5cae45931d0a9f8f76dca) Importer(815301076,1909f56bfc062723c751e8b465ee728b)  -> (artifact id: '4c7f06d7dbd67cb5a5cf53b7d8333063') in 0.020779 seconds
  Import took 0.024805 seconds .

========================================================================
Received Import Request.
  Time since last request: 0.000280 seconds.
  path: Assets/mat/b.mat
  artifactKey: Guid(9549275bb3cd2f148b9afeeca18c16af) Importer(815301076,1909f56bfc062723c751e8b465ee728b)
Start importing Assets/mat/b.mat using Guid(9549275bb3cd2f148b9afeeca18c16af) Importer(815301076,1909f56bfc062723c751e8b465ee728b)  -> (artifact id: 'c2ec768a41f9b3af36875e0813982249') in 0.030125 seconds
  Import took 0.032999 seconds .

========================================================================
Received Import Request.
  Time since last request: 0.000231 seconds.
  path: Assets/mat/c.mat
  artifactKey: Guid(c8979b32558f29c4fbac82e719d97896) Importer(815301076,1909f56bfc062723c751e8b465ee728b)
Start importing Assets/mat/c.mat using Guid(c8979b32558f29c4fbac82e719d97896) Importer(815301076,1909f56bfc062723c751e8b465ee728b)  -> (artifact id: 'b8037700cd1300ad6954988a35434ef3') in 0.030925 seconds
  Import took 0.034820 seconds .

========================================================================
Received Import Request.
  Time since last request: 411.614625 seconds.
  path: Assets/scene
  artifactKey: Guid(d5ac4a530b5eb584d95820563be8a0af) Importer(815301076,1909f56bfc062723c751e8b465ee728b)
Start importing Assets/scene using Guid(d5ac4a530b5eb584d95820563be8a0af) Importer(815301076,1909f56bfc062723c751e8b465ee728b)  -> (artifact id: '5f0386e86508b289d0799bbfa87537e4') in 0.009260 seconds
  Import took 0.012381 seconds .

========================================================================
Received Import Request.
  Time since last request: 0.059741 seconds.
  path: Assets/scene/NavMesh.asset
  artifactKey: Guid(cf6681413cd1f5c4fbfc22508b583e59) Importer(815301076,1909f56bfc062723c751e8b465ee728b)
Start importing Assets/scene/NavMesh.asset using Guid(cf6681413cd1f5c4fbfc22508b583e59) Importer(815301076,1909f56bfc062723c751e8b465ee728b)  -> (artifact id: '63d8a6c599bc5b8bf09bb89ae917b0c8') in 0.011532 seconds
  Import took 0.014272 seconds .

========================================================================
Received Prepare
Registering precompiled user dll's ...
Registered in 0.003828 seconds.
Begin MonoManager ReloadAssembly
Native extension for WindowsStandalone target not found
Native extension for OSXStandalone target not found
Refreshing native plugins compatible for Editor in 0.42 ms, found 2 plugins.
Preloading 0 native plugins for Editor in 0.00 ms.
Mono: successfully reloaded assembly
- Completed reload, in  1.162 seconds
Platform modules already initialized, skipping
Refreshing native plugins compatible for Editor in 0.44 ms, found 2 plugins.
Preloading 0 native plugins for Editor in 0.00 ms.
Unloading 1381 Unused Serialized files (Serialized files now loaded: 0)
System memory in use before: 67.7 MB.
System memory in use after: 67.8 MB.

Unloading 13 unused Assets to reduce memory usage. Loaded Objects now: 1864.
Total: 2.304100 ms (FindLiveObjects: 0.159300 ms CreateObjectMapping: 0.054600 ms MarkObjects: 2.065900 ms  DeleteObjects: 0.022400 ms)

========================================================================
Received Import Request.
  Time since last request: 40.929708 seconds.
  path: Assets/AIVision.cs
  artifactKey: Guid(49d32e4a4e0ce254ea9f26581e53dabc) Importer(815301076,1909f56bfc062723c751e8b465ee728b)
Start importing Assets/AIVision.cs using Guid(49d32e4a4e0ce254ea9f26581e53dabc) Importer(815301076,1909f56bfc062723c751e8b465ee728b)  -> (artifact id: '59d39f60c3d1a9828a66a930005906ce') in 0.020305 seconds
  Import took 0.023324 seconds .

========================================================================
Received Prepare
Registering precompiled user dll's ...
Registered in 0.004189 seconds.
Begin MonoManager ReloadAssembly
Native extension for WindowsStandalone target not found
Native extension for OSXStandalone target not found
Refreshing native plugins compatible for Editor in 0.41 ms, found 2 plugins.
Preloading 0 native plugins for Editor in 0.00 ms.
Mono: successfully reloaded assembly
- Completed reload, in  1.228 seconds
Platform modules already initialized, skipping
Refreshing native plugins compatible for Editor in 0.45 ms, found 2 plugins.
Preloading 0 native plugins for Editor in 0.00 ms.
Unloading 1381 Unused Serialized files (Serialized files now loaded: 0)
System memory in use before: 67.8 MB.
System memory in use after: 67.9 MB.

Unloading 13 unused Assets to reduce memory usage. Loaded Objects now: 1867.
Total: 3.096400 ms (FindLiveObjects: 0.196700 ms CreateObjectMapping: 0.058400 ms MarkObjects: 2.817400 ms  DeleteObjects: 0.022000 ms)

========================================================================
Received Import Request.
  Time since last request: 43.422970 seconds.
  path: Assets/AIVision.cs
  artifactKey: Guid(49d32e4a4e0ce254ea9f26581e53dabc) Importer(815301076,1909f56bfc062723c751e8b465ee728b)
Start importing Assets/AIVision.cs using Guid(49d32e4a4e0ce254ea9f26581e53dabc) Importer(815301076,1909f56bfc062723c751e8b465ee728b)  -> (artifact id: '28c48f84d79b48bda06fac9acde8354e') in 0.005415 seconds
  Import took 0.008725 seconds .

========================================================================
Received Prepare
Registering precompiled user dll's ...
Registered in 0.003886 seconds.
Begin MonoManager ReloadAssembly
Native extension for WindowsStandalone target not found
Native extension for OSXStandalone target not found
Refreshing native plugins compatible for Editor in 0.42 ms, found 2 plugins.
Preloading 0 native plugins for Editor in 0.00 ms.
Mono: successfully reloaded assembly
- Completed reload, in  1.154 seconds
Platform modules already initialized, skipping
Refreshing native plugins compatible for Editor in 0.45 ms, found 2 plugins.
Preloading 0 native plugins for Editor in 0.00 ms.
Unloading 1381 Unused Serialized files (Serialized files now loaded: 0)
System memory in use before: 67.8 MB.
System memory in use after: 67.9 MB.

Unloading 13 unused Assets to reduce memory usage. Loaded Objects now: 1870.
Total: 2.261800 ms (FindLiveObjects: 0.176800 ms CreateObjectMapping: 0.063800 ms MarkObjects: 2.001000 ms  DeleteObjects: 0.018700 ms)

========================================================================
Received Import Request.
  Time since last request: 189.004102 seconds.
  path: Assets/AIVision.cs
  artifactKey: Guid(49d32e4a4e0ce254ea9f26581e53dabc) Importer(815301076,1909f56bfc062723c751e8b465ee728b)
Start importing Assets/AIVision.cs using Guid(49d32e4a4e0ce254ea9f26581e53dabc) Importer(815301076,1909f56bfc062723c751e8b465ee728b)  -> (artifact id: '2a478186f6c09b374367a2baab262f6a') in 0.005816 seconds
  Import took 0.009010 seconds .

========================================================================
Received Prepare
Registering precompiled user dll's ...
Registered in 0.004184 seconds.
Begin MonoManager ReloadAssembly
Native extension for WindowsStandalone target not found
Native extension for OSXStandalone target not found
Refreshing native plugins compatible for Editor in 0.51 ms, found 2 plugins.
Preloading 0 native plugins for Editor in 0.00 ms.
Mono: successfully reloaded assembly
- Completed reload, in  1.137 seconds
Platform modules already initialized, skipping
Refreshing native plugins compatible for Editor in 0.45 ms, found 2 plugins.
Preloading 0 native plugins for Editor in 0.00 ms.
Unloading 1381 Unused Serialized files (Serialized files now loaded: 0)
System memory in use before: 67.8 MB.
System memory in use after: 67.9 MB.

Unloading 13 unused Assets to reduce memory usage. Loaded Objects now: 1873.
Total: 2.064500 ms (FindLiveObjects: 0.155000 ms CreateObjectMapping: 0.054200 ms MarkObjects: 1.826000 ms  DeleteObjects: 0.027300 ms)

========================================================================
Received Prepare
Registering precompiled user dll's ...
Registered in 0.003670 seconds.
Begin MonoManager ReloadAssembly
Native extension for WindowsStandalone target not found
Native extension for OSXStandalone target not found
Refreshing native plugins compatible for Editor in 0.47 ms, found 2 plugins.
Preloading 0 native plugins for Editor in 0.00 ms.
Mono: successfully reloaded assembly
- Completed reload, in  1.182 seconds
Platform modules already initialized, skipping
Refreshing native plugins compatible for Editor in 0.44 ms, found 2 plugins.
Preloading 0 native plugins for Editor in 0.00 ms.
Unloading 1382 Unused Serialized files (Serialized files now loaded: 0)
System memory in use before: 67.8 MB.
System memory in use after: 67.9 MB.

Unloading 13 unused Assets to reduce memory usage. Loaded Objects now: 1877.
Total: 2.455300 ms (FindLiveObjects: 0.152200 ms CreateObjectMapping: 0.054900 ms MarkObjects: 2.223200 ms  DeleteObjects: 0.023300 ms)

========================================================================
Received Import Request.
  Time since last request: 489.885865 seconds.
  path: Assets/seek.cs
  artifactKey: Guid(b49a90fa48ee5b443b8d22178bb1a9d5) Importer(815301076,1909f56bfc062723c751e8b465ee728b)
Start importing Assets/seek.cs using Guid(b49a90fa48ee5b443b8d22178bb1a9d5) Importer(815301076,1909f56bfc062723c751e8b465ee728b)  -> (artifact id: '30cff746727d3c11e00afac04c012c0c') in 0.011662 seconds
  Import took 0.014397 seconds .

========================================================================
Received Import Request.
  Time since last request: 64.682219 seconds.
  path: Assets/seek.cs
  artifactKey: Guid(b49a90fa48ee5b443b8d22178bb1a9d5) Importer(815301076,1909f56bfc062723c751e8b465ee728b)
Start importing Assets/seek.cs using Guid(b49a90fa48ee5b443b8d22178bb1a9d5) Importer(815301076,1909f56bfc062723c751e8b465ee728b)  -> (artifact id: '225b61a4926c8a98a71fc8a8180c5cbd') in 0.004154 seconds
  Import took 0.007277 seconds .

========================================================================
Received Prepare
Registering precompiled user dll's ...
Registered in 0.003657 seconds.
Begin MonoManager ReloadAssembly
Native extension for WindowsStandalone target not found
Native extension for OSXStandalone target not found
Refreshing native plugins compatible for Editor in 0.43 ms, found 2 plugins.
Preloading 0 native plugins for Editor in 0.00 ms.
Mono: successfully reloaded assembly
- Completed reload, in  1.175 seconds
Platform modules already initialized, skipping
Refreshing native plugins compatible for Editor in 0.42 ms, found 2 plugins.
Preloading 0 native plugins for Editor in 0.00 ms.
Unloading 1382 Unused Serialized files (Serialized files now loaded: 0)
System memory in use before: 67.8 MB.
System memory in use after: 67.9 MB.

Unloading 13 unused Assets to reduce memory usage. Loaded Objects now: 1880.
Total: 2.229400 ms (FindLiveObjects: 0.164700 ms CreateObjectMapping: 0.055000 ms MarkObjects: 1.987800 ms  DeleteObjects: 0.019900 ms)

========================================================================
Received Import Request.
  Time since last request: 19.198442 seconds.
  path: Assets/seek.cs
  artifactKey: Guid(b49a90fa48ee5b443b8d22178bb1a9d5) Importer(815301076,1909f56bfc062723c751e8b465ee728b)
Start importing Assets/seek.cs using Guid(b49a90fa48ee5b443b8d22178bb1a9d5) Importer(815301076,1909f56bfc062723c751e8b465ee728b)  -> (artifact id: 'e0c6d225f7e23ef7e9ac399a350a51d8') in 0.008437 seconds
  Import took 0.011591 seconds .

========================================================================
Received Prepare
Registering precompiled user dll's ...
Registered in 0.003572 seconds.
Begin MonoManager ReloadAssembly
Native extension for WindowsStandalone target not found
Native extension for OSXStandalone target not found
Refreshing native plugins compatible for Editor in 0.42 ms, found 2 plugins.
Preloading 0 native plugins for Editor in 0.00 ms.
Mono: successfully reloaded assembly
- Completed reload, in  1.175 seconds
Platform modules already initialized, skipping
Refreshing native plugins compatible for Editor in 0.44 ms, found 2 plugins.
Preloading 0 native plugins for Editor in 0.00 ms.
Unloading 1382 Unused Serialized files (Serialized files now loaded: 0)
System memory in use before: 67.8 MB.
System memory in use after: 68.0 MB.

Unloading 13 unused Assets to reduce memory usage. Loaded Objects now: 1883.
Total: 2.338500 ms (FindLiveObjects: 0.155600 ms CreateObjectMapping: 0.055300 ms MarkObjects: 2.104600 ms  DeleteObjects: 0.021200 ms)

========================================================================
Received Prepare
Registering precompiled user dll's ...
Registered in 0.003749 seconds.
Begin MonoManager ReloadAssembly
Native extension for WindowsStandalone target not found
Native extension for OSXStandalone target not found
Refreshing native plugins compatible for Editor in 0.41 ms, found 2 plugins.
Preloading 0 native plugins for Editor in 0.00 ms.
Mono: successfully reloaded assembly
- Completed reload, in  1.156 seconds
Platform modules already initialized, skipping
Refreshing native plugins compatible for Editor in 0.55 ms, found 2 plugins.
Preloading 0 native plugins for Editor in 0.00 ms.
Unloading 1382 Unused Serialized files (Serialized files now loaded: 0)
System memory in use before: 67.9 MB.
System memory in use after: 68.0 MB.

Unloading 13 unused Assets to reduce memory usage. Loaded Objects now: 1886.
Total: 2.296400 ms (FindLiveObjects: 0.157600 ms CreateObjectMapping: 0.053600 ms MarkObjects: 2.064100 ms  DeleteObjects: 0.019700 ms)

========================================================================
Received Prepare
Registering precompiled user dll's ...
Registered in 0.005553 seconds.
Begin MonoManager ReloadAssembly
Native extension for WindowsStandalone target not found
Native extension for OSXStandalone target not found
Refreshing native plugins compatible for Editor in 0.41 ms, found 2 plugins.
Preloading 0 native plugins for Editor in 0.00 ms.
Mono: successfully reloaded assembly
- Completed reload, in  1.160 seconds
Platform modules already initialized, skipping
Refreshing native plugins compatible for Editor in 0.42 ms, found 2 plugins.
Preloading 0 native plugins for Editor in 0.00 ms.
Unloading 1382 Unused Serialized files (Serialized files now loaded: 0)
System memory in use before: 67.9 MB.
System memory in use after: 68.0 MB.

Unloading 13 unused Assets to reduce memory usage. Loaded Objects now: 1889.
Total: 2.280000 ms (FindLiveObjects: 0.165300 ms CreateObjectMapping: 0.057300 ms MarkObjects: 2.031400 ms  DeleteObjects: 0.024300 ms)

========================================================================
Received Prepare
Registering precompiled user dll's ...
Registered in 0.003658 seconds.
Begin MonoManager ReloadAssembly
Native extension for WindowsStandalone target not found
Native extension for OSXStandalone target not found
Refreshing native plugins compatible for Editor in 0.42 ms, found 2 plugins.
Preloading 0 native plugins for Editor in 0.00 ms.
Mono: successfully reloaded assembly
- Completed reload, in  1.162 seconds
Platform modules already initialized, skipping
Refreshing native plugins compatible for Editor in 0.44 ms, found 2 plugins.
Preloading 0 native plugins for Editor in 0.00 ms.
Unloading 1382 Unused Serialized files (Serialized files now loaded: 0)
System memory in use before: 67.9 MB.
System memory in use after: 68.0 MB.

Unloading 13 unused Assets to reduce memory usage. Loaded Objects now: 1892.
Total: 3.257200 ms (FindLiveObjects: 0.161100 ms CreateObjectMapping: 0.053000 ms MarkObjects: 3.012100 ms  DeleteObjects: 0.028800 ms)

========================================================================
Received Prepare
Registering precompiled user dll's ...
Registered in 0.003573 seconds.
Begin MonoManager ReloadAssembly
Native extension for WindowsStandalone target not found
Native extension for OSXStandalone target not found
Refreshing native plugins compatible for Editor in 0.41 ms, found 2 plugins.
Preloading 0 native plugins for Editor in 0.00 ms.
Mono: successfully reloaded assembly
- Completed reload, in  1.172 seconds
Platform modules already initialized, skipping
Refreshing native plugins compatible for Editor in 0.43 ms, found 2 plugins.
Preloading 0 native plugins for Editor in 0.00 ms.
Unloading 1382 Unused Serialized files (Serialized files now loaded: 0)
System memory in use before: 67.9 MB.
System memory in use after: 68.0 MB.

Unloading 13 unused Assets to reduce memory usage. Loaded Objects now: 1895.
Total: 2.230700 ms (FindLiveObjects: 0.211500 ms CreateObjectMapping: 0.058100 ms MarkObjects: 1.937800 ms  DeleteObjects: 0.021600 ms)

========================================================================
Received Prepare
Registering precompiled user dll's ...
Registered in 0.003644 seconds.
Begin MonoManager ReloadAssembly
Native extension for WindowsStandalone target not found
Native extension for OSXStandalone target not found
Refreshing native plugins compatible for Editor in 0.42 ms, found 2 plugins.
Preloading 0 native plugins for Editor in 0.00 ms.
Mono: successfully reloaded assembly
- Completed reload, in  1.140 seconds
Platform modules already initialized, skipping
Refreshing native plugins compatible for Editor in 0.55 ms, found 2 plugins.
Preloading 0 native plugins for Editor in 0.00 ms.
Unloading 1382 Unused Serialized files (Serialized files now loaded: 0)
System memory in use before: 67.9 MB.
System memory in use after: 68.0 MB.

Unloading 13 unused Assets to reduce memory usage. Loaded Objects now: 1898.
Total: 2.142500 ms (FindLiveObjects: 0.154000 ms CreateObjectMapping: 0.054400 ms MarkObjects: 1.912700 ms  DeleteObjects: 0.019700 ms)

========================================================================
Received Prepare
Registering precompiled user dll's ...
Registered in 0.003405 seconds.
Begin MonoManager ReloadAssembly
Native extension for WindowsStandalone target not found
Native extension for OSXStandalone target not found
Refreshing native plugins compatible for Editor in 0.42 ms, found 2 plugins.
Preloading 0 native plugins for Editor in 0.00 ms.
Mono: successfully reloaded assembly
- Completed reload, in  1.163 seconds
Platform modules already initialized, skipping
Refreshing native plugins compatible for Editor in 0.43 ms, found 2 plugins.
Preloading 0 native plugins for Editor in 0.00 ms.
Unloading 1382 Unused Serialized files (Serialized files now loaded: 0)
System memory in use before: 67.9 MB.
System memory in use after: 68.0 MB.

Unloading 13 unused Assets to reduce memory usage. Loaded Objects now: 1901.
Total: 2.220600 ms (FindLiveObjects: 0.171200 ms CreateObjectMapping: 0.056000 ms MarkObjects: 1.969300 ms  DeleteObjects: 0.022200 ms)

========================================================================
Received Prepare
Registering precompiled user dll's ...
Registered in 0.003784 seconds.
Begin MonoManager ReloadAssembly
Native extension for WindowsStandalone target not found
Native extension for OSXStandalone target not found
Refreshing native plugins compatible for Editor in 0.42 ms, found 2 plugins.
Preloading 0 native plugins for Editor in 0.00 ms.
Mono: successfully reloaded assembly
- Completed reload, in  1.185 seconds
Platform modules already initialized, skipping
Refreshing native plugins compatible for Editor in 0.44 ms, found 2 plugins.
Preloading 0 native plugins for Editor in 0.00 ms.
Unloading 1382 Unused Serialized files (Serialized files now loaded: 0)
System memory in use before: 67.9 MB.
System memory in use after: 68.0 MB.

Unloading 13 unused Assets to reduce memory usage. Loaded Objects now: 1904.
Total: 2.985300 ms (FindLiveObjects: 0.165000 ms CreateObjectMapping: 0.076300 ms MarkObjects: 2.715800 ms  DeleteObjects: 0.026200 ms)

========================================================================
Received Prepare
Registering precompiled user dll's ...
Registered in 0.003467 seconds.
Begin MonoManager ReloadAssembly
Native extension for WindowsStandalone target not found
Native extension for OSXStandalone target not found
Refreshing native plugins compatible for Editor in 0.42 ms, found 2 plugins.
Preloading 0 native plugins for Editor in 0.00 ms.
Mono: successfully reloaded assembly
- Completed reload, in  1.217 seconds
Platform modules already initialized, skipping
Refreshing native plugins compatible for Editor in 0.60 ms, found 2 plugins.
Preloading 0 native plugins for Editor in 0.00 ms.
Unloading 1382 Unused Serialized files (Serialized files now loaded: 0)
System memory in use before: 67.9 MB.
System memory in use after: 68.0 MB.

Unloading 13 unused Assets to reduce memory usage. Loaded Objects now: 1907.
Total: 2.235600 ms (FindLiveObjects: 0.166400 ms CreateObjectMapping: 0.053000 ms MarkObjects: 1.997200 ms  DeleteObjects: 0.017400 ms)

========================================================================
Received Prepare
Registering precompiled user dll's ...
Registered in 0.003562 seconds.
Begin MonoManager ReloadAssembly
Native extension for WindowsStandalone target not found
Native extension for OSXStandalone target not found
Refreshing native plugins compatible for Editor in 0.42 ms, found 2 plugins.
Preloading 0 native plugins for Editor in 0.00 ms.
Mono: successfully reloaded assembly
- Completed reload, in  1.198 seconds
Platform modules already initialized, skipping
Refreshing native plugins compatible for Editor in 0.43 ms, found 2 plugins.
Preloading 0 native plugins for Editor in 0.00 ms.
Unloading 1382 Unused Serialized files (Serialized files now loaded: 0)
System memory in use before: 67.9 MB.
System memory in use after: 68.0 MB.

Unloading 13 unused Assets to reduce memory usage. Loaded Objects now: 1910.
Total: 2.170000 ms (FindLiveObjects: 0.179700 ms CreateObjectMapping: 0.061100 ms MarkObjects: 1.908500 ms  DeleteObjects: 0.019100 ms)

========================================================================
Received Prepare
Registering precompiled user dll's ...
Registered in 0.003534 seconds.
Begin MonoManager ReloadAssembly
Native extension for WindowsStandalone target not found
Native extension for OSXStandalone target not found
Refreshing native plugins compatible for Editor in 0.44 ms, found 2 plugins.
Preloading 0 native plugins for Editor in 0.00 ms.
Mono: successfully reloaded assembly
- Completed reload, in  1.190 seconds
Platform modules already initialized, skipping
Refreshing native plugins compatible for Editor in 0.62 ms, found 2 plugins.
Preloading 0 native plugins for Editor in 0.00 ms.
Unloading 1382 Unused Serialized files (Serialized files now loaded: 0)
System memory in use before: 67.9 MB.
System memory in use after: 68.0 MB.

Unloading 13 unused Assets to reduce memory usage. Loaded Objects now: 1913.
Total: 2.248500 ms (FindLiveObjects: 0.164000 ms CreateObjectMapping: 0.053500 ms MarkObjects: 1.993900 ms  DeleteObjects: 0.035400 ms)

========================================================================
Received Prepare
Registering precompiled user dll's ...
Registered in 0.003657 seconds.
Begin MonoManager ReloadAssembly
Native extension for WindowsStandalone target not found
Native extension for OSXStandalone target not found
Refreshing native plugins compatible for Editor in 0.48 ms, found 2 plugins.
Preloading 0 native plugins for Editor in 0.00 ms.
Mono: successfully reloaded assembly
- Completed reload, in  1.133 seconds
Platform modules already initialized, skipping
Refreshing native plugins compatible for Editor in 0.57 ms, found 2 plugins.
Preloading 0 native plugins for Editor in 0.00 ms.
Unloading 1382 Unused Serialized files (Serialized files now loaded: 0)
System memory in use before: 67.9 MB.
System memory in use after: 68.0 MB.

Unloading 13 unused Assets to reduce memory usage. Loaded Objects now: 1916.
Total: 2.290100 ms (FindLiveObjects: 0.352500 ms CreateObjectMapping: 0.067200 ms MarkObjects: 1.847800 ms  DeleteObjects: 0.020600 ms)

========================================================================
Received Prepare
Registering precompiled user dll's ...
Registered in 0.003789 seconds.
Begin MonoManager ReloadAssembly
Native extension for WindowsStandalone target not found
Native extension for OSXStandalone target not found
Refreshing native plugins compatible for Editor in 0.42 ms, found 2 plugins.
Preloading 0 native plugins for Editor in 0.00 ms.
Mono: successfully reloaded assembly
- Completed reload, in  1.174 seconds
Platform modules already initialized, skipping
Refreshing native plugins compatible for Editor in 0.52 ms, found 2 plugins.
Preloading 0 native plugins for Editor in 0.00 ms.
Unloading 1382 Unused Serialized files (Serialized files now loaded: 0)
System memory in use before: 67.9 MB.
System memory in use after: 68.0 MB.

Unloading 13 unused Assets to reduce memory usage. Loaded Objects now: 1919.
Total: 2.214700 ms (FindLiveObjects: 0.173900 ms CreateObjectMapping: 0.060300 ms MarkObjects: 1.950400 ms  DeleteObjects: 0.028200 ms)

========================================================================
Received Prepare
Registering precompiled user dll's ...
Registered in 0.004151 seconds.
Begin MonoManager ReloadAssembly
Native extension for WindowsStandalone target not found
Native extension for OSXStandalone target not found
Refreshing native plugins compatible for Editor in 0.46 ms, found 2 plugins.
Preloading 0 native plugins for Editor in 0.00 ms.
Mono: successfully reloaded assembly
- Completed reload, in  1.235 seconds
Platform modules already initialized, skipping
Refreshing native plugins compatible for Editor in 0.43 ms, found 2 plugins.
Preloading 0 native plugins for Editor in 0.00 ms.
Unloading 1382 Unused Serialized files (Serialized files now loaded: 0)
System memory in use before: 67.9 MB.
System memory in use after: 68.0 MB.

Unloading 13 unused Assets to reduce memory usage. Loaded Objects now: 1922.
Total: 2.601700 ms (FindLiveObjects: 0.191200 ms CreateObjectMapping: 0.063400 ms MarkObjects: 2.320300 ms  DeleteObjects: 0.024900 ms)

========================================================================
Received Prepare
Registering precompiled user dll's ...
Registered in 0.003867 seconds.
Begin MonoManager ReloadAssembly
Native extension for WindowsStandalone target not found
Native extension for OSXStandalone target not found
Refreshing native plugins compatible for Editor in 0.68 ms, found 2 plugins.
Preloading 0 native plugins for Editor in 0.00 ms.
Mono: successfully reloaded assembly
- Completed reload, in  1.198 seconds
Platform modules already initialized, skipping
Refreshing native plugins compatible for Editor in 0.43 ms, found 2 plugins.
Preloading 0 native plugins for Editor in 0.00 ms.
Unloading 1382 Unused Serialized files (Serialized files now loaded: 0)
System memory in use before: 67.9 MB.
System memory in use after: 68.0 MB.

Unloading 13 unused Assets to reduce memory usage. Loaded Objects now: 1925.
Total: 2.241500 ms (FindLiveObjects: 0.172400 ms CreateObjectMapping: 0.054900 ms MarkObjects: 1.993800 ms  DeleteObjects: 0.018800 ms)

========================================================================
Received Prepare
Registering precompiled user dll's ...
Registered in 0.004267 seconds.
Begin MonoManager ReloadAssembly
Native extension for WindowsStandalone target not found
Native extension for OSXStandalone target not found
Refreshing native plugins compatible for Editor in 0.42 ms, found 2 plugins.
Preloading 0 native plugins for Editor in 0.00 ms.
Mono: successfully reloaded assembly
- Completed reload, in  1.185 seconds
Platform modules already initialized, skipping
Refreshing native plugins compatible for Editor in 0.70 ms, found 2 plugins.
Preloading 0 native plugins for Editor in 0.00 ms.
Unloading 1382 Unused Serialized files (Serialized files now loaded: 0)
System memory in use before: 67.9 MB.
System memory in use after: 68.0 MB.

Unloading 13 unused Assets to reduce memory usage. Loaded Objects now: 1928.
Total: 2.545000 ms (FindLiveObjects: 0.183100 ms CreateObjectMapping: 0.055700 ms MarkObjects: 2.260700 ms  DeleteObjects: 0.042500 ms)

========================================================================
Received Prepare
Registering precompiled user dll's ...
Registered in 0.005163 seconds.
Begin MonoManager ReloadAssembly
Native extension for WindowsStandalone target not found
Native extension for OSXStandalone target not found
Refreshing native plugins compatible for Editor in 0.43 ms, found 2 plugins.
Preloading 0 native plugins for Editor in 0.00 ms.
Mono: successfully reloaded assembly
- Completed reload, in  1.149 seconds
Platform modules already initialized, skipping
Refreshing native plugins compatible for Editor in 0.58 ms, found 2 plugins.
Preloading 0 native plugins for Editor in 0.00 ms.
Unloading 1382 Unused Serialized files (Serialized files now loaded: 0)
System memory in use before: 67.9 MB.
System memory in use after: 68.0 MB.

Unloading 13 unused Assets to reduce memory usage. Loaded Objects now: 1931.
Total: 2.168200 ms (FindLiveObjects: 0.182700 ms CreateObjectMapping: 0.058300 ms MarkObjects: 1.903900 ms  DeleteObjects: 0.021500 ms)

========================================================================
Received Prepare
Registering precompiled user dll's ...
Registered in 0.003573 seconds.
Begin MonoManager ReloadAssembly
Native extension for WindowsStandalone target not found
Native extension for OSXStandalone target not found
Refreshing native plugins compatible for Editor in 0.44 ms, found 2 plugins.
Preloading 0 native plugins for Editor in 0.00 ms.
Mono: successfully reloaded assembly
- Completed reload, in  1.206 seconds
Platform modules already initialized, skipping
Refreshing native plugins compatible for Editor in 0.42 ms, found 2 plugins.
Preloading 0 native plugins for Editor in 0.00 ms.
Unloading 1382 Unused Serialized files (Serialized files now loaded: 0)
System memory in use before: 67.9 MB.
System memory in use after: 68.0 MB.

Unloading 13 unused Assets to reduce memory usage. Loaded Objects now: 1934.
Total: 2.375100 ms (FindLiveObjects: 0.164200 ms CreateObjectMapping: 0.054100 ms MarkObjects: 2.133700 ms  DeleteObjects: 0.021200 ms)

========================================================================
Received Prepare
Registering precompiled user dll's ...
Registered in 0.003942 seconds.
Begin MonoManager ReloadAssembly
Native extension for WindowsStandalone target not found
Native extension for OSXStandalone target not found
Refreshing native plugins compatible for Editor in 0.42 ms, found 2 plugins.
Preloading 0 native plugins for Editor in 0.00 ms.
Mono: successfully reloaded assembly
- Completed reload, in  1.144 seconds
Platform modules already initialized, skipping
Refreshing native plugins compatible for Editor in 0.42 ms, found 2 plugins.
Preloading 0 native plugins for Editor in 0.00 ms.
Unloading 1382 Unused Serialized files (Serialized files now loaded: 0)
System memory in use before: 67.9 MB.
System memory in use after: 68.1 MB.

Unloading 13 unused Assets to reduce memory usage. Loaded Objects now: 1937.
Total: 2.396700 ms (FindLiveObjects: 0.167400 ms CreateObjectMapping: 0.053200 ms MarkObjects: 2.152900 ms  DeleteObjects: 0.021700 ms)

========================================================================
Received Prepare
Registering precompiled user dll's ...
Registered in 0.004794 seconds.
Begin MonoManager ReloadAssembly
Native extension for WindowsStandalone target not found
Native extension for OSXStandalone target not found
Refreshing native plugins compatible for Editor in 0.49 ms, found 2 plugins.
Preloading 0 native plugins for Editor in 0.00 ms.
Mono: successfully reloaded assembly
- Completed reload, in  1.186 seconds
Platform modules already initialized, skipping
Refreshing native plugins compatible for Editor in 0.45 ms, found 2 plugins.
Preloading 0 native plugins for Editor in 0.00 ms.
Unloading 1382 Unused Serialized files (Serialized files now loaded: 0)
System memory in use before: 67.9 MB.
System memory in use after: 68.1 MB.

Unloading 13 unused Assets to reduce memory usage. Loaded Objects now: 1940.
Total: 2.298700 ms (FindLiveObjects: 0.163100 ms CreateObjectMapping: 0.055100 ms MarkObjects: 2.056000 ms  DeleteObjects: 0.022800 ms)

========================================================================
Received Prepare
Registering precompiled user dll's ...
Registered in 0.003549 seconds.
Begin MonoManager ReloadAssembly
Native extension for WindowsStandalone target not found
Native extension for OSXStandalone target not found
Refreshing native plugins compatible for Editor in 0.46 ms, found 2 plugins.
Preloading 0 native plugins for Editor in 0.00 ms.
Mono: successfully reloaded assembly
- Completed reload, in  1.220 seconds
Platform modules already initialized, skipping
Refreshing native plugins compatible for Editor in 0.43 ms, found 2 plugins.
Preloading 0 native plugins for Editor in 0.00 ms.
Unloading 1382 Unused Serialized files (Serialized files now loaded: 0)
System memory in use before: 68.0 MB.
System memory in use after: 68.1 MB.

Unloading 13 unused Assets to reduce memory usage. Loaded Objects now: 1943.
Total: 2.243600 ms (FindLiveObjects: 0.168300 ms CreateObjectMapping: 0.054800 ms MarkObjects: 1.990200 ms  DeleteObjects: 0.028500 ms)

========================================================================
Received Prepare
Registering precompiled user dll's ...
Registered in 0.003553 seconds.
Begin MonoManager ReloadAssembly
Native extension for WindowsStandalone target not found
Native extension for OSXStandalone target not found
Refreshing native plugins compatible for Editor in 0.42 ms, found 2 plugins.
Preloading 0 native plugins for Editor in 0.00 ms.
Mono: successfully reloaded assembly
- Completed reload, in  1.177 seconds
Platform modules already initialized, skipping
Refreshing native plugins compatible for Editor in 0.45 ms, found 2 plugins.
Preloading 0 native plugins for Editor in 0.00 ms.
Unloading 1382 Unused Serialized files (Serialized files now loaded: 0)
System memory in use before: 68.0 MB.
System memory in use after: 68.1 MB.

Unloading 13 unused Assets to reduce memory usage. Loaded Objects now: 1946.
Total: 2.465800 ms (FindLiveObjects: 0.196400 ms CreateObjectMapping: 0.088500 ms MarkObjects: 2.156000 ms  DeleteObjects: 0.023300 ms)

========================================================================
Received Import Request.
  Time since last request: 2172.429304 seconds.
  path: Assets/seek.cs
  artifactKey: Guid(b49a90fa48ee5b443b8d22178bb1a9d5) Importer(815301076,1909f56bfc062723c751e8b465ee728b)
Start importing Assets/seek.cs using Guid(b49a90fa48ee5b443b8d22178bb1a9d5) Importer(815301076,1909f56bfc062723c751e8b465ee728b)  -> (artifact id: '2b729cb69d3498e4e42a9ccf93548024') in 0.012303 seconds
  Import took 0.015853 seconds .

========================================================================
Received Import Request.
  Time since last request: 0.030225 seconds.
  path: Assets/seek.cs
  artifactKey: Guid(b49a90fa48ee5b443b8d22178bb1a9d5) Importer(815301076,1909f56bfc062723c751e8b465ee728b)
Start importing Assets/seek.cs using Guid(b49a90fa48ee5b443b8d22178bb1a9d5) Importer(815301076,1909f56bfc062723c751e8b465ee728b)  -> (artifact id: '2b729cb69d3498e4e42a9ccf93548024') in 0.002750 seconds
  Import took 0.005465 seconds .

========================================================================
Received Import Request.
  Time since last request: 30.976512 seconds.
  path: Assets
  artifactKey: Guid(00000000000000001000000000000000) Importer(815301076,1909f56bfc062723c751e8b465ee728b)
Start importing Assets using Guid(00000000000000001000000000000000) Importer(815301076,1909f56bfc062723c751e8b465ee728b)  -> (artifact id: '42d402b061de3733987d63b9cc3b64de') in 0.010460 seconds
  Import took 0.013656 seconds .

========================================================================
Received Import Request.
  Time since last request: 10.633759 seconds.
  path: Assets/wANDER.cs
  artifactKey: Guid(356926273c9bcc145a7b918797d1f2be) Importer(815301076,1909f56bfc062723c751e8b465ee728b)
Start importing Assets/wANDER.cs using Guid(356926273c9bcc145a7b918797d1f2be) Importer(815301076,1909f56bfc062723c751e8b465ee728b)  -> (artifact id: '232f1789bd03bc284c6f740a1f4b931f') in 0.011472 seconds
  Import took 0.014692 seconds .

========================================================================
Received Import Request.
  Time since last request: 0.021916 seconds.
  path: Assets/wANDER.cs
  artifactKey: Guid(356926273c9bcc145a7b918797d1f2be) Importer(815301076,1909f56bfc062723c751e8b465ee728b)
Start importing Assets/wANDER.cs using Guid(356926273c9bcc145a7b918797d1f2be) Importer(815301076,1909f56bfc062723c751e8b465ee728b)  -> (artifact id: '232f1789bd03bc284c6f740a1f4b931f') in 0.004651 seconds
  Import took 0.007527 seconds .

========================================================================
Received Prepare
Registering precompiled user dll's ...
Registered in 0.003562 seconds.
Begin MonoManager ReloadAssembly
Native extension for WindowsStandalone target not found
Native extension for OSXStandalone target not found
Refreshing native plugins compatible for Editor in 0.44 ms, found 2 plugins.
Preloading 0 native plugins for Editor in 0.00 ms.
Mono: successfully reloaded assembly
- Completed reload, in  1.158 seconds
Platform modules already initialized, skipping
Refreshing native plugins compatible for Editor in 0.41 ms, found 2 plugins.
Preloading 0 native plugins for Editor in 0.00 ms.
Unloading 1383 Unused Serialized files (Serialized files now loaded: 0)
System memory in use before: 68.0 MB.
System memory in use after: 68.1 MB.

Unloading 13 unused Assets to reduce memory usage. Loaded Objects now: 1950.
Total: 2.378400 ms (FindLiveObjects: 0.187100 ms CreateObjectMapping: 0.054200 ms MarkObjects: 2.114700 ms  DeleteObjects: 0.020600 ms)

========================================================================
Received Import Request.
  Time since last request: 10.387238 seconds.
  path: Assets/wander.cs
  artifactKey: Guid(356926273c9bcc145a7b918797d1f2be) Importer(815301076,1909f56bfc062723c751e8b465ee728b)
Start importing Assets/wander.cs using Guid(356926273c9bcc145a7b918797d1f2be) Importer(815301076,1909f56bfc062723c751e8b465ee728b)  -> (artifact id: 'aede8c300830d8f6e120ea9e19fe5603') in 0.014840 seconds
  Import took 0.017567 seconds .

========================================================================
Received Prepare
Registering precompiled user dll's ...
Registered in 0.005321 seconds.
Begin MonoManager ReloadAssembly
Native extension for WindowsStandalone target not found
Native extension for OSXStandalone target not found
Refreshing native plugins compatible for Editor in 0.42 ms, found 2 plugins.
Preloading 0 native plugins for Editor in 0.00 ms.
Mono: successfully reloaded assembly
- Completed reload, in  1.213 seconds
Platform modules already initialized, skipping
Refreshing native plugins compatible for Editor in 0.44 ms, found 2 plugins.
Preloading 0 native plugins for Editor in 0.00 ms.
Unloading 1383 Unused Serialized files (Serialized files now loaded: 0)
System memory in use before: 68.0 MB.
System memory in use after: 68.1 MB.

Unloading 13 unused Assets to reduce memory usage. Loaded Objects now: 1953.
Total: 2.423400 ms (FindLiveObjects: 0.190500 ms CreateObjectMapping: 0.098200 ms MarkObjects: 2.110500 ms  DeleteObjects: 0.022400 ms)

========================================================================
Received Import Request.
  Time since last request: 38.266782 seconds.
  path: Assets/wander.cs
  artifactKey: Guid(356926273c9bcc145a7b918797d1f2be) Importer(815301076,1909f56bfc062723c751e8b465ee728b)
Start importing Assets/wander.cs using Guid(356926273c9bcc145a7b918797d1f2be) Importer(815301076,1909f56bfc062723c751e8b465ee728b)  -> (artifact id: '3b69be7601fd08866f3ec4456b7941e4') in 0.005828 seconds
  Import took 0.009268 seconds .

========================================================================
Received Prepare
Registering precompiled user dll's ...
Registered in 0.003583 seconds.
Begin MonoManager ReloadAssembly
Native extension for WindowsStandalone target not found
Native extension for OSXStandalone target not found
Refreshing native plugins compatible for Editor in 0.44 ms, found 2 plugins.
Preloading 0 native plugins for Editor in 0.00 ms.
Mono: successfully reloaded assembly
- Completed reload, in  1.189 seconds
Platform modules already initialized, skipping
Refreshing native plugins compatible for Editor in 0.48 ms, found 2 plugins.
Preloading 0 native plugins for Editor in 0.00 ms.
Unloading 1385 Unused Serialized files (Serialized files now loaded: 0)
System memory in use before: 68.0 MB.
System memory in use after: 68.1 MB.

Unloading 13 unused Assets to reduce memory usage. Loaded Objects now: 1958.
Total: 2.350400 ms (FindLiveObjects: 0.172600 ms CreateObjectMapping: 0.057400 ms MarkObjects: 2.096600 ms  DeleteObjects: 0.022200 ms)

========================================================================
Received Prepare
Registering precompiled user dll's ...
Registered in 0.003728 seconds.
Begin MonoManager ReloadAssembly
Native extension for WindowsStandalone target not found
Native extension for OSXStandalone target not found
Refreshing native plugins compatible for Editor in 0.43 ms, found 2 plugins.
Preloading 0 native plugins for Editor in 0.00 ms.
Mono: successfully reloaded assembly
- Completed reload, in  1.338 seconds
Platform modules already initialized, skipping
Refreshing native plugins compatible for Editor in 0.47 ms, found 2 plugins.
Preloading 0 native plugins for Editor in 0.00 ms.
Unloading 1385 Unused Serialized files (Serialized files now loaded: 0)
System memory in use before: 68.0 MB.
System memory in use after: 68.2 MB.

Unloading 13 unused Assets to reduce memory usage. Loaded Objects now: 1961.
Total: 2.349500 ms (FindLiveObjects: 0.177800 ms CreateObjectMapping: 0.063700 ms MarkObjects: 2.079300 ms  DeleteObjects: 0.026800 ms)

AssetImportWorkerClient::OnTransportError - code=2 error=End of file
