Using pre-set license
Built from '2020.3/staging' branch; Version is '2020.3.11f1 (99c7afb366b3) revision 10078127'; Using compiler version '192528614'; Build Type 'Release'
OS: 'Windows 10 Education; OS build 19043.1110; Version 2009; 64bit' Language: 'es' Physical Memory: 8149 MB
BatchMode: 1, IsHumanControllingUs: 0, StartBugReporterOnCrash: 0, Is64bit: 1, IsPro: 0

 COMMAND LINE ARGUMENTS:
C:\Program Files\Unity\Hub\Editor\2020.3.11f1\Editor\Unity.exe
-adb2
-batchMode
-noUpm
-name
AssetImportWorker0
-projectPath
C:/Users/Marcrp5/New Unity Project
-logFile
Logs/AssetImportWorker0.log
-srvPort
51643
Successfully changed project path to: C:/Users/Marcrp5/New Unity Project
C:/Users/Marcrp5/New Unity Project
Using Asset Import Pipeline V2.
Refreshing native plugins compatible for Editor in 100.28 ms, found 2 plugins.
Preloading 0 native plugins for Editor in 0.00 ms.
Initialize engine version: 2020.3.11f1 (99c7afb366b3)
[Subsystems] Discovering subsystems at path C:/Program Files/Unity/Hub/Editor/2020.3.11f1/Editor/Data/Resources/UnitySubsystems
[Subsystems] Discovering subsystems at path C:/Users/Marcrp5/New Unity Project/Assets
GfxDevice: creating device client; threaded=0
Direct3D:
    Version:  Direct3D 11.0 [level 11.0]
    Renderer: AMD Radeon HD 6450 (ID=0x6779)
    Vendor:   
    VRAM:     1008 MB
    Driver:   15.200.1062.1004
Initialize mono
Mono path[0] = 'C:/Program Files/Unity/Hub/Editor/2020.3.11f1/Editor/Data/Managed'
Mono path[1] = 'C:/Program Files/Unity/Hub/Editor/2020.3.11f1/Editor/Data/MonoBleedingEdge/lib/mono/unityjit'
Mono config path = 'C:/Program Files/Unity/Hub/Editor/2020.3.11f1/Editor/Data/MonoBleedingEdge/etc'
Using monoOptions --debugger-agent=transport=dt_socket,embedding=1,server=y,suspend=n,address=127.0.0.1:56160
Begin MonoManager ReloadAssembly
Registering precompiled unity dll's ...
Register platform support module: C:/Program Files/Unity/Hub/Editor/2020.3.11f1/Editor/Data/PlaybackEngines/MacStandaloneSupport/UnityEditor.OSXStandalone.Extensions.dll
Register platform support module: C:/Program Files/Unity/Hub/Editor/2020.3.11f1/Editor/Data/PlaybackEngines/WindowsStandaloneSupport/UnityEditor.WindowsStandalone.Extensions.dll
Registered in 0.002296 seconds.
Native extension for WindowsStandalone target not found
Native extension for OSXStandalone target not found
Refreshing native plugins compatible for Editor in 66.51 ms, found 2 plugins.
Preloading 0 native plugins for Editor in 0.00 ms.
Mono: successfully reloaded assembly
- Completed reload, in  4.775 seconds
Platform modules already initialized, skipping
Registering precompiled user dll's ...
Registered in 0.007570 seconds.
Begin MonoManager ReloadAssembly
Native extension for WindowsStandalone target not found
Native extension for OSXStandalone target not found
Refreshing native plugins compatible for Editor in 0.99 ms, found 2 plugins.
Preloading 0 native plugins for Editor in 0.00 ms.
Mono: successfully reloaded assembly
- Completed reload, in  1.610 seconds
Platform modules already initialized, skipping
========================================================================
Worker process is ready to serve import requests
Launched and connected shader compiler UnityShaderCompiler.exe after 0.06 seconds
Refreshing native plugins compatible for Editor in 1.46 ms, found 2 plugins.
Preloading 0 native plugins for Editor in 0.00 ms.
Unloading 2224 Unused Serialized files (Serialized files now loaded: 0)
System memory in use before: 93.6 MB.
System memory in use after: 93.7 MB.

Unloading 62 unused Assets to reduce memory usage. Loaded Objects now: 2624.
Total: 9.639300 ms (FindLiveObjects: 0.369500 ms CreateObjectMapping: 0.107700 ms MarkObjects: 9.020300 ms  DeleteObjects: 0.139500 ms)

========================================================================
Received Import Request.
  path: Assets/Readme.asset
  artifactKey: Guid(83c2ed844a8c74b779a4c823d16594b1) Importer(815301076,1909f56bfc062723c751e8b465ee728b)
Start importing Assets/Readme.asset using Guid(83c2ed844a8c74b779a4c823d16594b1) Importer(815301076,1909f56bfc062723c751e8b465ee728b)  -> (artifact id: '749ee7334d0e60ead08800dcd14a0d9a') in 0.051784 seconds
  Import took 0.058645 seconds .

========================================================================
Received Import Request.
  Time since last request: 0.340442 seconds.
  path: Assets/Readme.asset
  artifactKey: Guid(83c2ed844a8c74b779a4c823d16594b1) Importer(815301076,1909f56bfc062723c751e8b465ee728b)
Start importing Assets/Readme.asset using Guid(83c2ed844a8c74b779a4c823d16594b1) Importer(815301076,1909f56bfc062723c751e8b465ee728b)  -> (artifact id: '749ee7334d0e60ead08800dcd14a0d9a') in 0.014127 seconds
  Import took 0.020095 seconds .

========================================================================
Received Import Request.
  Time since last request: 22.447594 seconds.
  path: Assets/Scripts
  artifactKey: Guid(fd9c214f640fae348958e74eaea6f543) Importer(815301076,1909f56bfc062723c751e8b465ee728b)
Start importing Assets/Scripts using Guid(fd9c214f640fae348958e74eaea6f543) Importer(815301076,1909f56bfc062723c751e8b465ee728b)  -> (artifact id: 'b5c5eedd6e786c2438815b98cae78353') in 0.009606 seconds
  Import took 0.014410 seconds .

========================================================================
Received Prepare
Refreshing native plugins compatible for Editor in 19.31 ms, found 2 plugins.
Preloading 0 native plugins for Editor in 0.00 ms.
Unloading 51 Unused Serialized files (Serialized files now loaded: 0)
System memory in use before: 48.4 MB.
System memory in use after: 48.5 MB.

Unloading 51 unused Assets to reduce memory usage. Loaded Objects now: 2624.
Total: 7.094100 ms (FindLiveObjects: 0.223700 ms CreateObjectMapping: 0.083000 ms MarkObjects: 6.745000 ms  DeleteObjects: 0.040700 ms)

========================================================================
Received Import Request.
  Time since last request: 428.741089 seconds.
  path: Assets/Scripts/wander.cs
  artifactKey: Guid(e2b58a83602dd5a4dbe52897150180bd) Importer(815301076,1909f56bfc062723c751e8b465ee728b)
Start importing Assets/Scripts/wander.cs using Guid(e2b58a83602dd5a4dbe52897150180bd) Importer(815301076,1909f56bfc062723c751e8b465ee728b)  -> (artifact id: '45bb1050f0e5ef59e26b0273702bdf67') in 0.022279 seconds
  Import took 0.028193 seconds .

========================================================================
Received Import Request.
  Time since last request: 0.061124 seconds.
  path: Assets/Scripts/wander.cs
  artifactKey: Guid(e2b58a83602dd5a4dbe52897150180bd) Importer(815301076,1909f56bfc062723c751e8b465ee728b)
Start importing Assets/Scripts/wander.cs using Guid(e2b58a83602dd5a4dbe52897150180bd) Importer(815301076,1909f56bfc062723c751e8b465ee728b)  -> (artifact id: '45bb1050f0e5ef59e26b0273702bdf67') in 0.016919 seconds
  Import took 0.034336 seconds .

========================================================================
Received Import Request.
  Time since last request: 129.948719 seconds.
  path: Assets/Scripts/Tank
  artifactKey: Guid(46e032e6247865441876c868e03138e3) Importer(815301076,1909f56bfc062723c751e8b465ee728b)
Start importing Assets/Scripts/Tank using Guid(46e032e6247865441876c868e03138e3) Importer(815301076,1909f56bfc062723c751e8b465ee728b)  -> (artifact id: '6d2ca3aaea89749844de22258addf354') in 0.007737 seconds
  Import took 0.012149 seconds .

========================================================================
Received Import Request.
  Time since last request: 7.964900 seconds.
  path: Assets/Models
  artifactKey: Guid(6f6ed432a84a6894383f9d063e5c1f1f) Importer(815301076,1909f56bfc062723c751e8b465ee728b)
Start importing Assets/Models using Guid(6f6ed432a84a6894383f9d063e5c1f1f) Importer(815301076,1909f56bfc062723c751e8b465ee728b)  -> (artifact id: '67380d8af0822e8cd402b56dece3c88a') in 0.008926 seconds
  Import took 0.013077 seconds .

========================================================================
Received Import Request.
  Time since last request: 0.030024 seconds.
  path: Assets/Models/Building01.fbx
  artifactKey: Guid(f698f69d64c51f8438d853e5c274e5fc) Importer(815301076,1909f56bfc062723c751e8b465ee728b)
Start importing Assets/Models/Building01.fbx using Guid(f698f69d64c51f8438d853e5c274e5fc) Importer(815301076,1909f56bfc062723c751e8b465ee728b)  -> (artifact id: '308540a2b719082b9ba526238af654b2') in 0.179408 seconds
  Import took 0.183409 seconds .

========================================================================
Received Import Request.
  Time since last request: 0.000271 seconds.
  path: Assets/Models/OilStorage.fbx
  artifactKey: Guid(e307cb54b57a59342868ad47d1ed0c30) Importer(815301076,1909f56bfc062723c751e8b465ee728b)
Start importing Assets/Models/OilStorage.fbx using Guid(e307cb54b57a59342868ad47d1ed0c30) Importer(815301076,1909f56bfc062723c751e8b465ee728b)  -> (artifact id: '0a3be04bb3128329d50bd9d92ba9ea9d') in 0.024118 seconds
  Import took 0.028248 seconds .

========================================================================
Received Import Request.
  Time since last request: 0.000266 seconds.
  path: Assets/Models/Tank.fbx
  artifactKey: Guid(002e2a607f5b64c48be0b3b0d8b8bfdd) Importer(815301076,1909f56bfc062723c751e8b465ee728b)
Start importing Assets/Models/Tank.fbx using Guid(002e2a607f5b64c48be0b3b0d8b8bfdd) Importer(815301076,1909f56bfc062723c751e8b465ee728b)  -> (artifact id: 'fae83418eca44626cbe02a6bee194c6d') in 0.082371 seconds
  Import took 0.087132 seconds .

========================================================================
Received Import Request.
  Time since last request: 0.000262 seconds.
  path: Assets/Models/Rocks03.fbx
  artifactKey: Guid(fd0d7091fe3f1d24e81321bc2e4209df) Importer(815301076,1909f56bfc062723c751e8b465ee728b)
Start importing Assets/Models/Rocks03.fbx using Guid(fd0d7091fe3f1d24e81321bc2e4209df) Importer(815301076,1909f56bfc062723c751e8b465ee728b)  -> (artifact id: 'dd5855d2bd7a1459c0f3ebb5d4e1a410') in 0.040974 seconds
  Import took 0.045288 seconds .

========================================================================
Received Import Request.
  Time since last request: 0.000263 seconds.
  path: Assets/Models/Dunes02.fbx
  artifactKey: Guid(38b4fea28f58d3641980a70a5188e750) Importer(815301076,1909f56bfc062723c751e8b465ee728b)
Start importing Assets/Models/Dunes02.fbx using Guid(38b4fea28f58d3641980a70a5188e750) Importer(815301076,1909f56bfc062723c751e8b465ee728b)  -> (artifact id: 'ebc5106048cc13264320da1d8075a68f') in 0.020007 seconds
  Import took 0.024498 seconds .

========================================================================
Received Import Request.
  Time since last request: 0.000295 seconds.
  path: Assets/Models/Cliff.fbx
  artifactKey: Guid(12783825d19a606449c1d81b822fb4a2) Importer(815301076,1909f56bfc062723c751e8b465ee728b)
Start importing Assets/Models/Cliff.fbx using Guid(12783825d19a606449c1d81b822fb4a2) Importer(815301076,1909f56bfc062723c751e8b465ee728b)  -> (artifact id: 'e36e9800102e1d6c46e6da44c4953094') in 0.046824 seconds
  Import took 0.050333 seconds .

========================================================================
Received Import Request.
  Time since last request: 0.000302 seconds.
  path: Assets/Models/Dunes01.fbx
  artifactKey: Guid(1b0f8caf6ec3ed644bf9751040d84dcb) Importer(815301076,1909f56bfc062723c751e8b465ee728b)
Start importing Assets/Models/Dunes01.fbx using Guid(1b0f8caf6ec3ed644bf9751040d84dcb) Importer(815301076,1909f56bfc062723c751e8b465ee728b)  -> (artifact id: '1ed2e22eb84ac75714c051251fbdc2d1') in 0.054030 seconds
  Import took 0.057614 seconds .

========================================================================
Received Import Request.
  Time since last request: 0.000256 seconds.
  path: Assets/Models/Crater01.fbx
  artifactKey: Guid(aef18f364fed1a64ba495d15dcee610d) Importer(815301076,1909f56bfc062723c751e8b465ee728b)
Start importing Assets/Models/Crater01.fbx using Guid(aef18f364fed1a64ba495d15dcee610d) Importer(815301076,1909f56bfc062723c751e8b465ee728b)  -> (artifact id: 'f3c404fd90b94cdf23802d7466c577a0') in 0.030478 seconds
  Import took 0.034134 seconds .

========================================================================
Received Import Request.
  Time since last request: 0.000318 seconds.
  path: Assets/Models/Shell.fbx
  artifactKey: Guid(9ed1e8a25f964bd4298944675e425a0d) Importer(815301076,1909f56bfc062723c751e8b465ee728b)
Start importing Assets/Models/Shell.fbx using Guid(9ed1e8a25f964bd4298944675e425a0d) Importer(815301076,1909f56bfc062723c751e8b465ee728b)  -> (artifact id: '94c814b1ad1936f2c9c1aac07fa2963e') in 0.027553 seconds
  Import took 0.031152 seconds .

========================================================================
Received Import Request.
  Time since last request: 0.000342 seconds.
  path: Assets/Models/Building02.fbx
  artifactKey: Guid(7fa610bf2b9bccd48a9b3a6d79f90a37) Importer(815301076,1909f56bfc062723c751e8b465ee728b)
Start importing Assets/Models/Building02.fbx using Guid(7fa610bf2b9bccd48a9b3a6d79f90a37) Importer(815301076,1909f56bfc062723c751e8b465ee728b)  -> (artifact id: 'f8b9fb82608419a3fcbbb7dda0e0ab52') in 0.064916 seconds
  Import took 0.069192 seconds .

========================================================================
Received Import Request.
  Time since last request: 0.000265 seconds.
  path: Assets/Models/Column02.FBX
  artifactKey: Guid(74d835b756ff5654f8060c76cbcb4e19) Importer(815301076,1909f56bfc062723c751e8b465ee728b)
Start importing Assets/Models/Column02.FBX using Guid(74d835b756ff5654f8060c76cbcb4e19) Importer(815301076,1909f56bfc062723c751e8b465ee728b)  -> (artifact id: '52e80cee059ad18b5223ce469d20a204') in 0.056373 seconds
  Import took 0.060360 seconds .

========================================================================
Received Import Request.
  Time since last request: 0.000332 seconds.
  path: Assets/Models/Terrain.fbx
  artifactKey: Guid(126dbcddb53386c4f969fdf0c555e822) Importer(815301076,1909f56bfc062723c751e8b465ee728b)
Start importing Assets/Models/Terrain.fbx using Guid(126dbcddb53386c4f969fdf0c555e822) Importer(815301076,1909f56bfc062723c751e8b465ee728b)  -> (artifact id: 'b88f29e6580114b143577527d19aca54') in 0.028465 seconds
  Import took 0.032557 seconds .

========================================================================
Received Import Request.
  Time since last request: 0.000299 seconds.
  path: Assets/Models/Rocks02.fbx
  artifactKey: Guid(8f90bdc8aeb4bad4db0cb091100a44f4) Importer(815301076,1909f56bfc062723c751e8b465ee728b)
Start importing Assets/Models/Rocks02.fbx using Guid(8f90bdc8aeb4bad4db0cb091100a44f4) Importer(815301076,1909f56bfc062723c751e8b465ee728b)  -> (artifact id: 'd15c72e79ba6dd2cdcc968965e3cb045') in 0.030163 seconds
  Import took 0.034617 seconds .

========================================================================
Received Import Request.
  Time since last request: 0.000361 seconds.
  path: Assets/Models/PumpJack.fbx
  artifactKey: Guid(d7962f90116a5c94d9a7a2b2e4fbc1b2) Importer(815301076,1909f56bfc062723c751e8b465ee728b)
Start importing Assets/Models/PumpJack.fbx using Guid(d7962f90116a5c94d9a7a2b2e4fbc1b2) Importer(815301076,1909f56bfc062723c751e8b465ee728b)  -> (artifact id: '952557b3f2698ccb7fdaf9030e331e01') in 0.064053 seconds
  Import took 0.069328 seconds .

========================================================================
Received Import Request.
  Time since last request: 0.000284 seconds.
  path: Assets/Models/Radar.fbx
  artifactKey: Guid(afd58f28713632e419efd8f302698ceb) Importer(815301076,1909f56bfc062723c751e8b465ee728b)
Start importing Assets/Models/Radar.fbx using Guid(afd58f28713632e419efd8f302698ceb) Importer(815301076,1909f56bfc062723c751e8b465ee728b)  -> (artifact id: '81cfa07b83ac6cf30e6aec787e9dacb8') in 0.049424 seconds
  Import took 0.054170 seconds .

========================================================================
Received Import Request.
  Time since last request: 0.000298 seconds.
  path: Assets/Models/Rocks01.fbx
  artifactKey: Guid(2964d4e5af87e5245bdd71b73e9b92f1) Importer(815301076,1909f56bfc062723c751e8b465ee728b)
Start importing Assets/Models/Rocks01.fbx using Guid(2964d4e5af87e5245bdd71b73e9b92f1) Importer(815301076,1909f56bfc062723c751e8b465ee728b)  -> (artifact id: '585f91f23db76da173f4e60347915144') in 0.025213 seconds
  Import took 0.029519 seconds .

========================================================================
Received Import Request.
  Time since last request: 0.000274 seconds.
  path: Assets/Models/Ruins01.fbx
  artifactKey: Guid(8c99ccdf18f6a404f84ffd08488298d8) Importer(815301076,1909f56bfc062723c751e8b465ee728b)
Start importing Assets/Models/Ruins01.fbx using Guid(8c99ccdf18f6a404f84ffd08488298d8) Importer(815301076,1909f56bfc062723c751e8b465ee728b)  -> (artifact id: 'cf2e38d9dcff51b77eeec8f827fdf1d1') in 0.038553 seconds
  Import took 0.042717 seconds .

========================================================================
Received Import Request.
  Time since last request: 0.000310 seconds.
  path: Assets/Models/BustedTank.fbx
  artifactKey: Guid(8c6d26fe262194242becdec17209d306) Importer(815301076,1909f56bfc062723c751e8b465ee728b)
Start importing Assets/Models/BustedTank.fbx using Guid(8c6d26fe262194242becdec17209d306) Importer(815301076,1909f56bfc062723c751e8b465ee728b)  -> (artifact id: 'fab6643c01bb3d4a7d61150f59c2ad87') in 0.060039 seconds
  Import took 0.064504 seconds .

========================================================================
Received Import Request.
  Time since last request: 0.000282 seconds.
  path: Assets/Models/Cow.fbx
  artifactKey: Guid(961487dad48770a4d867fcbcca1e5950) Importer(815301076,1909f56bfc062723c751e8b465ee728b)
Start importing Assets/Models/Cow.fbx using Guid(961487dad48770a4d867fcbcca1e5950) Importer(815301076,1909f56bfc062723c751e8b465ee728b)  -> (artifact id: '34d2a8f256a0dbcd29dc2392bb51bed6') in 0.052143 seconds
  Import took 0.055938 seconds .

========================================================================
Received Import Request.
  Time since last request: 0.000311 seconds.
  path: Assets/Models/Column01.FBX
  artifactKey: Guid(8d8760d4504814540ba00eaa1d1f43ac) Importer(815301076,1909f56bfc062723c751e8b465ee728b)
Start importing Assets/Models/Column01.FBX using Guid(8d8760d4504814540ba00eaa1d1f43ac) Importer(815301076,1909f56bfc062723c751e8b465ee728b)  -> (artifact id: 'e49bfae7ab52be64daadac24d326cb58') in 0.028863 seconds
  Import took 0.032393 seconds .

========================================================================
Received Import Request.
  Time since last request: 0.000292 seconds.
  path: Assets/Models/Tree.fbx
  artifactKey: Guid(50912a5d3c9322a46afa5ca162962a5c) Importer(815301076,1909f56bfc062723c751e8b465ee728b)
Start importing Assets/Models/Tree.fbx using Guid(50912a5d3c9322a46afa5ca162962a5c) Importer(815301076,1909f56bfc062723c751e8b465ee728b)  -> (artifact id: 'b704a471a3649ef5efb475ab49b4984e') in 0.026950 seconds
  Import took 0.030532 seconds .

========================================================================
Received Import Request.
  Time since last request: 0.000356 seconds.
  path: Assets/Models/PalmTree.fbx
  artifactKey: Guid(a1194fc0a76098e499948ecf77b6acdf) Importer(815301076,1909f56bfc062723c751e8b465ee728b)
Start importing Assets/Models/PalmTree.fbx using Guid(a1194fc0a76098e499948ecf77b6acdf) Importer(815301076,1909f56bfc062723c751e8b465ee728b)  -> (artifact id: '8cfe45fc3bd81b2af8817709fa3b917f') in 0.055154 seconds
  Import took 0.059677 seconds .

========================================================================
Received Import Request.
  Time since last request: 0.000314 seconds.
  path: Assets/Models/Concrete.fbx
  artifactKey: Guid(a678ab9f67b4ce84093be35214bdb92d) Importer(815301076,1909f56bfc062723c751e8b465ee728b)
Start importing Assets/Models/Concrete.fbx using Guid(a678ab9f67b4ce84093be35214bdb92d) Importer(815301076,1909f56bfc062723c751e8b465ee728b)  -> (artifact id: '8abeeef585e1ae1d8a41a2f0da8c9cc4') in 0.031416 seconds
  Import took 0.035048 seconds .

========================================================================
Received Import Request.
  Time since last request: 0.000290 seconds.
  path: Assets/Models/Cactus.fbx
  artifactKey: Guid(00b5a8045a3c3914bb0dfdf2d62f05c9) Importer(815301076,1909f56bfc062723c751e8b465ee728b)
Start importing Assets/Models/Cactus.fbx using Guid(00b5a8045a3c3914bb0dfdf2d62f05c9) Importer(815301076,1909f56bfc062723c751e8b465ee728b)  -> (artifact id: 'a4b971a5c0d0f46356d2b4e6e01bd8d1') in 0.034290 seconds
  Import took 0.038054 seconds .

========================================================================
Received Import Request.
  Time since last request: 0.000294 seconds.
  path: Assets/Models/Helipad.fbx
  artifactKey: Guid(614b6b69c0bbcd945bb2f83eb02a3436) Importer(815301076,1909f56bfc062723c751e8b465ee728b)
Start importing Assets/Models/Helipad.fbx using Guid(614b6b69c0bbcd945bb2f83eb02a3436) Importer(815301076,1909f56bfc062723c751e8b465ee728b)  -> (artifact id: '055728a8c8a4e3f201598e467134ee22') in 0.053417 seconds
  Import took 0.058704 seconds .

========================================================================
Received Import Request.
  Time since last request: 0.000291 seconds.
  path: Assets/Models/Refinery.fbx
  artifactKey: Guid(6e4d8dfe03882c54380948659f725233) Importer(815301076,1909f56bfc062723c751e8b465ee728b)
Start importing Assets/Models/Refinery.fbx using Guid(6e4d8dfe03882c54380948659f725233) Importer(815301076,1909f56bfc062723c751e8b465ee728b)  -> (artifact id: '57770f96b9bceadb23ecae4aabc10d12') in 0.049016 seconds
  Import took 0.053485 seconds .

========================================================================
Received Import Request.
  Time since last request: 186.436543 seconds.
  path: Assets/_Complete-GameSettings.lighting
  artifactKey: Guid(d9a83b5b429d0994b80f10520ba382dd) Importer(815301076,1909f56bfc062723c751e8b465ee728b)
Start importing Assets/_Complete-GameSettings.lighting using Guid(d9a83b5b429d0994b80f10520ba382dd) Importer(815301076,1909f56bfc062723c751e8b465ee728b) LightingSettings: switching bake backend from 1 to 0.
 -> (artifact id: '81aea97abda44a734db816538640a849') in 0.010946 seconds
  Import took 0.015197 seconds .

========================================================================
Received Import Request.
  Time since last request: 0.007295 seconds.
  path: Assets/_Complete-GameSettings.lighting
  artifactKey: Guid(d9a83b5b429d0994b80f10520ba382dd) Importer(815301076,1909f56bfc062723c751e8b465ee728b)
Start importing Assets/_Complete-GameSettings.lighting using Guid(d9a83b5b429d0994b80f10520ba382dd) Importer(815301076,1909f56bfc062723c751e8b465ee728b) LightingSettings: switching bake backend from 1 to 0.
 -> (artifact id: '81aea97abda44a734db816538640a849') in 0.002709 seconds
  Import took 0.006933 seconds .

========================================================================
Received Import Request.
  Time since last request: 12.913270 seconds.
  path: Assets/Scripts/Managers
  artifactKey: Guid(6cc27d206e06258438dbc4bb795885b9) Importer(815301076,1909f56bfc062723c751e8b465ee728b)
Start importing Assets/Scripts/Managers using Guid(6cc27d206e06258438dbc4bb795885b9) Importer(815301076,1909f56bfc062723c751e8b465ee728b)  -> (artifact id: '27eb5a8277bb22384e82f508963618dd') in 0.012217 seconds
  Import took 0.019993 seconds .

========================================================================
Received Import Request.
  Time since last request: 0.992033 seconds.
  path: Assets/Scripts/Managers/TankManager.cs
  artifactKey: Guid(1be963428ec33174f88161c5980f3faa) Importer(815301076,1909f56bfc062723c751e8b465ee728b)
Start importing Assets/Scripts/Managers/TankManager.cs using Guid(1be963428ec33174f88161c5980f3faa) Importer(815301076,1909f56bfc062723c751e8b465ee728b)  -> (artifact id: 'bca9b4e4f83ebef9a5f3b0360e1850d5') in 0.006522 seconds
  Import took 0.010419 seconds .

========================================================================
Received Import Request.
  Time since last request: 0.033810 seconds.
  path: Assets/Scripts/Managers/TankManager.cs
  artifactKey: Guid(1be963428ec33174f88161c5980f3faa) Importer(815301076,1909f56bfc062723c751e8b465ee728b)
Start importing Assets/Scripts/Managers/TankManager.cs using Guid(1be963428ec33174f88161c5980f3faa) Importer(815301076,1909f56bfc062723c751e8b465ee728b)  -> (artifact id: 'bca9b4e4f83ebef9a5f3b0360e1850d5') in 0.002283 seconds
  Import took 0.006172 seconds .

========================================================================
Received Prepare
Registering precompiled user dll's ...
Registered in 0.009196 seconds.
Begin MonoManager ReloadAssembly
Native extension for WindowsStandalone target not found
Native extension for OSXStandalone target not found
Refreshing native plugins compatible for Editor in 0.96 ms, found 2 plugins.
Preloading 0 native plugins for Editor in 0.00 ms.
Mono: successfully reloaded assembly
- Completed reload, in  1.307 seconds
Platform modules already initialized, skipping
Refreshing native plugins compatible for Editor in 1.10 ms, found 2 plugins.
Preloading 0 native plugins for Editor in 0.00 ms.
Unloading 2191 Unused Serialized files (Serialized files now loaded: 0)
System memory in use before: 94.1 MB.
System memory in use after: 94.2 MB.

Unloading 53 unused Assets to reduce memory usage. Loaded Objects now: 2636.
Total: 6.558700 ms (FindLiveObjects: 0.205900 ms CreateObjectMapping: 0.082900 ms MarkObjects: 6.224200 ms  DeleteObjects: 0.043500 ms)

========================================================================
Received Import Request.
  Time since last request: 202.955582 seconds.
  path: Assets/Scripts/Managers/GameManager.cs
  artifactKey: Guid(18e521b6f8588c44f9e68c769421eb47) Importer(815301076,1909f56bfc062723c751e8b465ee728b)
Start importing Assets/Scripts/Managers/GameManager.cs using Guid(18e521b6f8588c44f9e68c769421eb47) Importer(815301076,1909f56bfc062723c751e8b465ee728b)  -> (artifact id: '8bebea31a7059b6cccc2435038073588') in 0.011923 seconds
  Import took 0.016555 seconds .

========================================================================
Received Import Request.
  Time since last request: 0.001958 seconds.
  path: Assets/Scripts/Managers/GameManager.cs
  artifactKey: Guid(18e521b6f8588c44f9e68c769421eb47) Importer(815301076,1909f56bfc062723c751e8b465ee728b)
Start importing Assets/Scripts/Managers/GameManager.cs using Guid(18e521b6f8588c44f9e68c769421eb47) Importer(815301076,1909f56bfc062723c751e8b465ee728b)  -> (artifact id: '8bebea31a7059b6cccc2435038073588') in 0.002156 seconds
  Import took 0.005907 seconds .

========================================================================
Received Import Request.
  Time since last request: 185.114373 seconds.
  path: Assets/Scripts/Tank/TankMovement.cs
  artifactKey: Guid(29af3199e11b72e47b41ff380db540fd) Importer(815301076,1909f56bfc062723c751e8b465ee728b)
Start importing Assets/Scripts/Tank/TankMovement.cs using Guid(29af3199e11b72e47b41ff380db540fd) Importer(815301076,1909f56bfc062723c751e8b465ee728b)  -> (artifact id: 'bf824ae8a12153382daa61ed2f70a8ad') in 0.006816 seconds
  Import took 0.011010 seconds .

========================================================================
Received Import Request.
  Time since last request: 0.003750 seconds.
  path: Assets/Scripts/Tank/TankMovement.cs
  artifactKey: Guid(29af3199e11b72e47b41ff380db540fd) Importer(815301076,1909f56bfc062723c751e8b465ee728b)
Start importing Assets/Scripts/Tank/TankMovement.cs using Guid(29af3199e11b72e47b41ff380db540fd) Importer(815301076,1909f56bfc062723c751e8b465ee728b)  -> (artifact id: 'bf824ae8a12153382daa61ed2f70a8ad') in 0.002241 seconds
  Import took 0.006277 seconds .

========================================================================
Received Import Request.
  Time since last request: 23.749541 seconds.
  path: Assets/Scripts/Tank/TankShooting.cs
  artifactKey: Guid(06b38fa3f5188f6419ab17bc1669c18c) Importer(815301076,1909f56bfc062723c751e8b465ee728b)
Start importing Assets/Scripts/Tank/TankShooting.cs using Guid(06b38fa3f5188f6419ab17bc1669c18c) Importer(815301076,1909f56bfc062723c751e8b465ee728b)  -> (artifact id: 'a83b16283913dbeb995c14d932593d03') in 0.006769 seconds
  Import took 0.010808 seconds .

========================================================================
Received Import Request.
  Time since last request: 0.001367 seconds.
  path: Assets/Scripts/Tank/TankShooting.cs
  artifactKey: Guid(06b38fa3f5188f6419ab17bc1669c18c) Importer(815301076,1909f56bfc062723c751e8b465ee728b)
Start importing Assets/Scripts/Tank/TankShooting.cs using Guid(06b38fa3f5188f6419ab17bc1669c18c) Importer(815301076,1909f56bfc062723c751e8b465ee728b)  -> (artifact id: 'a83b16283913dbeb995c14d932593d03') in 0.002335 seconds
  Import took 0.006735 seconds .

========================================================================
Received Import Request.
  Time since last request: 3.508160 seconds.
  path: Assets/Scripts/Tank/TankHealth.cs
  artifactKey: Guid(8326b9dca06e5bc4885942c9371f51f1) Importer(815301076,1909f56bfc062723c751e8b465ee728b)
Start importing Assets/Scripts/Tank/TankHealth.cs using Guid(8326b9dca06e5bc4885942c9371f51f1) Importer(815301076,1909f56bfc062723c751e8b465ee728b)  -> (artifact id: '751531f377cf046e17335e995bac772d') in 0.007290 seconds
  Import took 0.012798 seconds .

========================================================================
Received Import Request.
  Time since last request: 0.002954 seconds.
  path: Assets/Scripts/Tank/TankHealth.cs
  artifactKey: Guid(8326b9dca06e5bc4885942c9371f51f1) Importer(815301076,1909f56bfc062723c751e8b465ee728b)
Start importing Assets/Scripts/Tank/TankHealth.cs using Guid(8326b9dca06e5bc4885942c9371f51f1) Importer(815301076,1909f56bfc062723c751e8b465ee728b)  -> (artifact id: '751531f377cf046e17335e995bac772d') in 0.003107 seconds
  Import took 0.007525 seconds .

========================================================================
Received Import Request.
  Time since last request: 13.588207 seconds.
  path: Assets/Scripts/UI
  artifactKey: Guid(22c7d7ea0e44ffc46936169d62a32f92) Importer(815301076,1909f56bfc062723c751e8b465ee728b)
Start importing Assets/Scripts/UI using Guid(22c7d7ea0e44ffc46936169d62a32f92) Importer(815301076,1909f56bfc062723c751e8b465ee728b)  -> (artifact id: 'c22ea307343d2a8b897589d6c7bea0bf') in 0.010318 seconds
  Import took 0.016245 seconds .

========================================================================
Received Import Request.
  Time since last request: 0.624786 seconds.
  path: Assets/Scripts/Camera
  artifactKey: Guid(7a43051ea413c884fb05edbbb60d7cc3) Importer(815301076,1909f56bfc062723c751e8b465ee728b)
Start importing Assets/Scripts/Camera using Guid(7a43051ea413c884fb05edbbb60d7cc3) Importer(815301076,1909f56bfc062723c751e8b465ee728b)  -> (artifact id: 'ac06b8c23d10e2d1605eab967327f7af') in 0.015513 seconds
  Import took 0.022683 seconds .

========================================================================
Received Import Request.
  Time since last request: 2.214369 seconds.
  path: Assets/Scripts/Shell
  artifactKey: Guid(ef94ef5de0736094c917c0e0217691b6) Importer(815301076,1909f56bfc062723c751e8b465ee728b)
Start importing Assets/Scripts/Shell using Guid(ef94ef5de0736094c917c0e0217691b6) Importer(815301076,1909f56bfc062723c751e8b465ee728b)  -> (artifact id: 'd4b308711bce951951ebd5f9f44ac30c') in 0.002721 seconds
  Import took 0.008051 seconds .

========================================================================
Received Import Request.
  Time since last request: 31.351932 seconds.
  path: Assets/Animators
  artifactKey: Guid(63db5dd3902ac1c48b09ef34d5fac746) Importer(815301076,1909f56bfc062723c751e8b465ee728b)
Start importing Assets/Animators using Guid(63db5dd3902ac1c48b09ef34d5fac746) Importer(815301076,1909f56bfc062723c751e8b465ee728b)  -> (artifact id: 'fab4d71ad6dddf40dd31a80ccb9e75ca') in 0.014129 seconds
  Import took 0.021667 seconds .

========================================================================
Received Import Request.
  Time since last request: 4.850072 seconds.
  path: Assets/Profiles
  artifactKey: Guid(3f5735516e58bc4458ed5c55cb9e5e18) Importer(815301076,1909f56bfc062723c751e8b465ee728b)
Start importing Assets/Profiles using Guid(3f5735516e58bc4458ed5c55cb9e5e18) Importer(815301076,1909f56bfc062723c751e8b465ee728b)  -> (artifact id: '9823c24f659461e7b9a1afab3e6985fe') in 0.007091 seconds
  Import took 0.011094 seconds .

========================================================================
Received Import Request.
  Time since last request: 0.075898 seconds.
  path: Assets/Profiles/GlobalProfile.asset
  artifactKey: Guid(7a47a74a22125414e9a689e4b7c80970) Importer(815301076,1909f56bfc062723c751e8b465ee728b)
Start importing Assets/Profiles/GlobalProfile.asset using Guid(7a47a74a22125414e9a689e4b7c80970) Importer(815301076,1909f56bfc062723c751e8b465ee728b)  -> (artifact id: 'c0b7192ad2b92dde9267843f247406c4') in 0.051525 seconds
  Import took 0.055537 seconds .

========================================================================
Received Import Request.
  Time since last request: 6.082788 seconds.
  path: Assets/_Complete-Game
  artifactKey: Guid(e77205a455933804c9f06c5a6d8cbda4) Importer(815301076,1909f56bfc062723c751e8b465ee728b)
Start importing Assets/_Complete-Game using Guid(e77205a455933804c9f06c5a6d8cbda4) Importer(815301076,1909f56bfc062723c751e8b465ee728b)  -> (artifact id: '7d8efae77c8a22b334782cc068209dbb') in 0.007303 seconds
  Import took 0.011140 seconds .

========================================================================
Received Import Request.
  Time since last request: 0.072660 seconds.
  path: Assets/_Complete-Game/NavMesh.asset
  artifactKey: Guid(bf4a24ff18dbc4841a343189ea36ea8e) Importer(815301076,1909f56bfc062723c751e8b465ee728b)
Start importing Assets/_Complete-Game/NavMesh.asset using Guid(bf4a24ff18dbc4841a343189ea36ea8e) Importer(815301076,1909f56bfc062723c751e8b465ee728b)  -> (artifact id: '1596071a5535420e5752a3a53854a025') in 0.011261 seconds
  Import took 0.016464 seconds .

========================================================================
Received Import Request.
  Time since last request: 4.150643 seconds.
  path: Assets/_Completed-Assets
  artifactKey: Guid(63fc0752714adda4d8e46bc93ab6e4b8) Importer(815301076,1909f56bfc062723c751e8b465ee728b)
Start importing Assets/_Completed-Assets using Guid(63fc0752714adda4d8e46bc93ab6e4b8) Importer(815301076,1909f56bfc062723c751e8b465ee728b)  -> (artifact id: '8345ae1287627433825273e015cd4de8') in 0.010348 seconds
  Import took 0.016173 seconds .

========================================================================
Received Import Request.
  Time since last request: 2.443524 seconds.
  path: Assets/_Completed-Assets/Scripts
  artifactKey: Guid(aaae41d289f00a3438f3b6bb50fef4e1) Importer(815301076,1909f56bfc062723c751e8b465ee728b)
Start importing Assets/_Completed-Assets/Scripts using Guid(aaae41d289f00a3438f3b6bb50fef4e1) Importer(815301076,1909f56bfc062723c751e8b465ee728b)  -> (artifact id: '40d74cd34346d9ddda7c226af21743cc') in 0.007523 seconds
  Import took 0.011467 seconds .

========================================================================
Received Import Request.
  Time since last request: 1.288117 seconds.
  path: Assets/_Completed-Assets/Scripts/Tank
  artifactKey: Guid(d956d85e35f29564b967bcd5f4113f80) Importer(815301076,1909f56bfc062723c751e8b465ee728b)
Start importing Assets/_Completed-Assets/Scripts/Tank using Guid(d956d85e35f29564b967bcd5f4113f80) Importer(815301076,1909f56bfc062723c751e8b465ee728b)  -> (artifact id: '4af0b86cbe2c92947a5e7bea57ce7a33') in 0.004298 seconds
  Import took 0.011761 seconds .

========================================================================
Received Import Request.
  Time since last request: 1.147199 seconds.
  path: Assets/_Completed-Assets/Scripts/Tank/TankMovement.cs
  artifactKey: Guid(6e4cc0827b572b5408b2cd8eb8b456b4) Importer(815301076,1909f56bfc062723c751e8b465ee728b)
Start importing Assets/_Completed-Assets/Scripts/Tank/TankMovement.cs using Guid(6e4cc0827b572b5408b2cd8eb8b456b4) Importer(815301076,1909f56bfc062723c751e8b465ee728b)  -> (artifact id: '5485c6015034fb997485a9d6ca899c93') in 0.002371 seconds
  Import took 0.006352 seconds .

========================================================================
Received Import Request.
  Time since last request: 0.003785 seconds.
  path: Assets/_Completed-Assets/Scripts/Tank/TankMovement.cs
  artifactKey: Guid(6e4cc0827b572b5408b2cd8eb8b456b4) Importer(815301076,1909f56bfc062723c751e8b465ee728b)
Start importing Assets/_Completed-Assets/Scripts/Tank/TankMovement.cs using Guid(6e4cc0827b572b5408b2cd8eb8b456b4) Importer(815301076,1909f56bfc062723c751e8b465ee728b)  -> (artifact id: '5485c6015034fb997485a9d6ca899c93') in 0.002338 seconds
  Import took 0.006471 seconds .

========================================================================
Received Import Request.
  Time since last request: 53.445958 seconds.
  path: Assets/_Completed-Assets/Scripts/Tank/TankShooting.cs
  artifactKey: Guid(184d72ea2424d1443bca885930fe844a) Importer(815301076,1909f56bfc062723c751e8b465ee728b)
Start importing Assets/_Completed-Assets/Scripts/Tank/TankShooting.cs using Guid(184d72ea2424d1443bca885930fe844a) Importer(815301076,1909f56bfc062723c751e8b465ee728b)  -> (artifact id: '020703e99d5c4e81f1ca20dacb971dfe') in 0.002360 seconds
  Import took 0.006230 seconds .

========================================================================
Received Import Request.
  Time since last request: 0.003533 seconds.
  path: Assets/_Completed-Assets/Scripts/Tank/TankShooting.cs
  artifactKey: Guid(184d72ea2424d1443bca885930fe844a) Importer(815301076,1909f56bfc062723c751e8b465ee728b)
Start importing Assets/_Completed-Assets/Scripts/Tank/TankShooting.cs using Guid(184d72ea2424d1443bca885930fe844a) Importer(815301076,1909f56bfc062723c751e8b465ee728b)  -> (artifact id: '020703e99d5c4e81f1ca20dacb971dfe') in 0.002283 seconds
  Import took 0.007034 seconds .

========================================================================
Received Import Request.
  Time since last request: 0.777976 seconds.
  path: Assets/_Completed-Assets/Scripts/Tank/TankHealth.cs
  artifactKey: Guid(030896d0325fa3e4d8d7d4cfe2351cb2) Importer(815301076,1909f56bfc062723c751e8b465ee728b)
Start importing Assets/_Completed-Assets/Scripts/Tank/TankHealth.cs using Guid(030896d0325fa3e4d8d7d4cfe2351cb2) Importer(815301076,1909f56bfc062723c751e8b465ee728b)  -> (artifact id: 'd69cf1b316c9e5cac9b9073ddb81ef61') in 0.005129 seconds
  Import took 0.013644 seconds .

========================================================================
Received Import Request.
  Time since last request: 0.000658 seconds.
  path: Assets/_Completed-Assets/Scripts/Tank/TankHealth.cs
  artifactKey: Guid(030896d0325fa3e4d8d7d4cfe2351cb2) Importer(815301076,1909f56bfc062723c751e8b465ee728b)
Start importing Assets/_Completed-Assets/Scripts/Tank/TankHealth.cs using Guid(030896d0325fa3e4d8d7d4cfe2351cb2) Importer(815301076,1909f56bfc062723c751e8b465ee728b)  -> (artifact id: 'd69cf1b316c9e5cac9b9073ddb81ef61') in 0.004076 seconds
  Import took 0.010247 seconds .

========================================================================
Received Import Request.
  Time since last request: 4.041151 seconds.
  path: Assets/_Completed-Assets/Scripts/Managers
  artifactKey: Guid(57b7a8c8098d77f46873bce12eed6632) Importer(815301076,1909f56bfc062723c751e8b465ee728b)
Start importing Assets/_Completed-Assets/Scripts/Managers using Guid(57b7a8c8098d77f46873bce12eed6632) Importer(815301076,1909f56bfc062723c751e8b465ee728b)  -> (artifact id: '9c9c65c9d6f46d315fc834942811cf36') in 0.004177 seconds
  Import took 0.011709 seconds .

========================================================================
Received Import Request.
  Time since last request: 0.919968 seconds.
  path: Assets/_Completed-Assets/Scripts/Managers/TankManager.cs
  artifactKey: Guid(edb8cdb8b19a50648b1ef1fb26a74db4) Importer(815301076,1909f56bfc062723c751e8b465ee728b)
Start importing Assets/_Completed-Assets/Scripts/Managers/TankManager.cs using Guid(edb8cdb8b19a50648b1ef1fb26a74db4) Importer(815301076,1909f56bfc062723c751e8b465ee728b)  -> (artifact id: '45db6d8d485a7d286a5c9ae7ed56f80a') in 0.002278 seconds
  Import took 0.006433 seconds .

========================================================================
Received Import Request.
  Time since last request: 0.001524 seconds.
  path: Assets/_Completed-Assets/Scripts/Managers/TankManager.cs
  artifactKey: Guid(edb8cdb8b19a50648b1ef1fb26a74db4) Importer(815301076,1909f56bfc062723c751e8b465ee728b)
Start importing Assets/_Completed-Assets/Scripts/Managers/TankManager.cs using Guid(edb8cdb8b19a50648b1ef1fb26a74db4) Importer(815301076,1909f56bfc062723c751e8b465ee728b)  -> (artifact id: '45db6d8d485a7d286a5c9ae7ed56f80a') in 0.003058 seconds
  Import took 0.007626 seconds .

========================================================================
Received Import Request.
  Time since last request: 10.105743 seconds.
  path: Assets/_Completed-Assets/Scripts/Managers/GameManager.cs
  artifactKey: Guid(54a000792783c934885973b761b3f96f) Importer(815301076,1909f56bfc062723c751e8b465ee728b)
Start importing Assets/_Completed-Assets/Scripts/Managers/GameManager.cs using Guid(54a000792783c934885973b761b3f96f) Importer(815301076,1909f56bfc062723c751e8b465ee728b)  -> (artifact id: '13120440dc5ecb0d2cfd5e51fc12f229') in 0.004008 seconds
  Import took 0.010927 seconds .

========================================================================
Received Import Request.
  Time since last request: 0.003647 seconds.
  path: Assets/_Completed-Assets/Scripts/Managers/GameManager.cs
  artifactKey: Guid(54a000792783c934885973b761b3f96f) Importer(815301076,1909f56bfc062723c751e8b465ee728b)
Start importing Assets/_Completed-Assets/Scripts/Managers/GameManager.cs using Guid(54a000792783c934885973b761b3f96f) Importer(815301076,1909f56bfc062723c751e8b465ee728b)  -> (artifact id: '13120440dc5ecb0d2cfd5e51fc12f229') in 0.003759 seconds
  Import took 0.010096 seconds .

AssetImportWorkerClient::OnTransportError - code=2 error=End of file
